2017-09-09 09:54:15,775 - Initializing Velocity, Calling init()...
2017-09-09 09:54:15,775 - Starting Apache Velocity v1.7 (compiled: 2010-11-19 12:14:37)
2017-09-09 09:54:15,775 - Default Properties File: org\apache\velocity\runtime\defaults\velocity.properties
2017-09-09 09:54:15,775 - Trying to use logger class org.apache.velocity.runtime.log.AvalonLogChute
2017-09-09 09:54:15,776 - Target log system for org.apache.velocity.runtime.log.AvalonLogChute is not available (java.lang.NoClassDefFoundError: org/apache/log/format/Formatter).  Falling back to next log system...
2017-09-09 09:54:15,776 - Trying to use logger class org.apache.velocity.runtime.log.Log4JLogChute
2017-09-09 09:54:15,776 - Using logger class org.apache.velocity.runtime.log.Log4JLogChute
2017-09-09 09:54:15,782 - ResourceLoader instantiated: org.apache.velocity.runtime.resource.loader.FileResourceLoader
2017-09-09 09:54:15,784 - Do unicode file recognition:  false
2017-09-09 09:54:15,784 - FileResourceLoader : adding path '.'
2017-09-09 09:54:15,796 - ResourceCache: initialized (class org.apache.velocity.runtime.resource.ResourceCacheImpl) with class java.util.Collections$SynchronizedMap cache map.
2017-09-09 09:54:15,799 - Loaded System Directive: org.apache.velocity.runtime.directive.Stop
2017-09-09 09:54:15,800 - Loaded System Directive: org.apache.velocity.runtime.directive.Define
2017-09-09 09:54:15,801 - Loaded System Directive: org.apache.velocity.runtime.directive.Break
2017-09-09 09:54:15,805 - Loaded System Directive: org.apache.velocity.runtime.directive.Evaluate
2017-09-09 09:54:15,806 - Loaded System Directive: org.apache.velocity.runtime.directive.Literal
2017-09-09 09:54:15,807 - Loaded System Directive: org.apache.velocity.runtime.directive.Macro
2017-09-09 09:54:15,809 - Loaded System Directive: org.apache.velocity.runtime.directive.Parse
2017-09-09 09:54:15,811 - Loaded System Directive: org.apache.velocity.runtime.directive.Include
2017-09-09 09:54:15,813 - Loaded System Directive: org.apache.velocity.runtime.directive.Foreach
2017-09-09 09:54:15,866 - Created '20' parsers.
2017-09-09 09:54:15,878 - Velocimacro : "velocimacro.library" is not set.  Trying default library: VM_global_library.vm
2017-09-09 09:54:15,878 - Velocimacro : Default library not found.
2017-09-09 09:54:15,878 - Velocimacro : allowInline = true : VMs can be defined inline in templates
2017-09-09 09:54:15,878 - Velocimacro : allowInlineToOverride = false : VMs defined inline may NOT replace previous VM definitions
2017-09-09 09:54:15,878 - Velocimacro : allowInlineLocal = false : VMs defined inline will be global in scope if allowed.
2017-09-09 09:54:15,878 - Velocimacro : autoload off : VM system will not automatically reload global library macros
2017-09-09 09:54:15,897 - Log4JLogChute initialized using file 'velocity.log'
2017-09-09 09:54:15,897 - Initializing Velocity, Calling init()...
2017-09-09 09:54:15,897 - Starting Apache Velocity v1.7 (compiled: 2010-11-19 12:14:37)
2017-09-09 09:54:15,897 - Default Properties File: org\apache\velocity\runtime\defaults\velocity.properties
2017-09-09 09:54:15,897 - Trying to use logger class org.apache.velocity.runtime.log.AvalonLogChute
2017-09-09 09:54:15,897 - Target log system for org.apache.velocity.runtime.log.AvalonLogChute is not available (java.lang.NoClassDefFoundError: org/apache/log/format/Formatter).  Falling back to next log system...
2017-09-09 09:54:15,897 - Trying to use logger class org.apache.velocity.runtime.log.Log4JLogChute
2017-09-09 09:54:15,897 - Using logger class org.apache.velocity.runtime.log.Log4JLogChute
2017-09-09 09:54:15,897 - ResourceLoader instantiated: org.apache.velocity.runtime.resource.loader.FileResourceLoader
2017-09-09 09:54:15,897 - Do unicode file recognition:  false
2017-09-09 09:54:15,898 - FileResourceLoader : adding path '.'
2017-09-09 09:54:15,898 - ResourceCache: initialized (class org.apache.velocity.runtime.resource.ResourceCacheImpl) with class java.util.Collections$SynchronizedMap cache map.
2017-09-09 09:54:15,899 - Loaded System Directive: org.apache.velocity.runtime.directive.Stop
2017-09-09 09:54:15,899 - Loaded System Directive: org.apache.velocity.runtime.directive.Define
2017-09-09 09:54:15,899 - Loaded System Directive: org.apache.velocity.runtime.directive.Break
2017-09-09 09:54:15,899 - Loaded System Directive: org.apache.velocity.runtime.directive.Evaluate
2017-09-09 09:54:15,899 - Loaded System Directive: org.apache.velocity.runtime.directive.Literal
2017-09-09 09:54:15,899 - Loaded System Directive: org.apache.velocity.runtime.directive.Macro
2017-09-09 09:54:15,899 - Loaded System Directive: org.apache.velocity.runtime.directive.Parse
2017-09-09 09:54:15,899 - Loaded System Directive: org.apache.velocity.runtime.directive.Include
2017-09-09 09:54:15,899 - Loaded System Directive: org.apache.velocity.runtime.directive.Foreach
2017-09-09 09:54:15,901 - Created '20' parsers.
2017-09-09 09:54:15,901 - Velocimacro : "velocimacro.library" is not set.  Trying default library: VM_global_library.vm
2017-09-09 09:54:15,901 - Velocimacro : Default library not found.
2017-09-09 09:54:15,902 - Velocimacro : allowInline = true : VMs can be defined inline in templates
2017-09-09 09:54:15,902 - Velocimacro : allowInlineToOverride = false : VMs defined inline may NOT replace previous VM definitions
2017-09-09 09:54:15,902 - Velocimacro : allowInlineLocal = false : VMs defined inline will be global in scope if allowed.
2017-09-09 09:54:15,902 - Velocimacro : autoload off : VM system will not automatically reload global library macros
2017-09-09 09:54:15,911 - ResourceManager : found src/main/resources/template/addonMainClass.vm with loader org.apache.velocity.runtime.resource.loader.FileResourceLoader
automatically reload global library macros
2017-09-09 09:54:15,911 - ResourceManager : found src/main/resources/template/addonMainClass.vm with loader org.apache.velocity.runtime.resource.loader.FileResourceLoader
2017-09-09 10:03:12,140 - Log4JLogChute initialized using file 'velocity.log'
2017-09-09 10:03:12,141 - Initializing Velocity, Calling init()...
2017-09-09 10:03:12,141 - Starting Apache Velocity v1.7 (compiled: 2010-11-19 12:14:37)
2017-09-09 10:03:12,141 - Default Properties File: org\apache\velocity\runtime\defaults\velocity.properties
2017-09-09 10:03:12,141 - Trying to use logger class org.apache.velocity.runtime.log.AvalonLogChute
2017-09-09 10:03:12,141 - Target log system for org.apache.velocity.runtime.log.AvalonLogChute is not available (java.lang.NoClassDefFoundError: org/apache/log/format/Formatter).  Falling back to next log system...
2017-09-09 10:03:12,141 - Trying to use logger class org.apache.velocity.runtime.log.Log4JLogChute
2017-09-09 10:03:12,141 - Using logger class org.apache.velocity.runtime.log.Log4JLogChute
2017-09-09 10:03:12,148 - ResourceLoader instantiated: org.apache.velocity.runtime.resource.loader.FileResourceLoader
2017-09-09 10:03:12,155 - Do unicode file recognition:  false
2017-09-09 10:03:12,155 - FileResourceLoader : adding path '.'
2017-09-09 10:03:12,182 - ResourceCache: initialized (class org.apache.velocity.runtime.resource.ResourceCacheImpl) with class java.util.Collections$SynchronizedMap cache map.
2017-09-09 10:03:12,184 - Loaded System Directive: org.apache.velocity.runtime.directive.Stop
2017-09-09 10:03:12,186 - Loaded System Directive: org.apache.velocity.runtime.directive.Define
2017-09-09 10:03:12,188 - Loaded System Directive: org.apache.velocity.runtime.directive.Break
2017-09-09 10:03:12,189 - Loaded System Directive: org.apache.velocity.runtime.directive.Evaluate
2017-09-09 10:03:12,190 - Loaded System Directive: org.apache.velocity.runtime.directive.Literal
2017-09-09 10:03:12,191 - Loaded System Directive: org.apache.velocity.runtime.directive.Macro
2017-09-09 10:03:12,193 - Loaded System Directive: org.apache.velocity.runtime.directive.Parse
2017-09-09 10:03:12,194 - Loaded System Directive: org.apache.velocity.runtime.directive.Include
2017-09-09 10:03:12,195 - Loaded System Directive: org.apache.velocity.runtime.directive.Foreach
2017-09-09 10:03:12,234 - Created '20' parsers.
2017-09-09 10:03:12,245 - Velocimacro : "velocimacro.library" is not set.  Trying default library: VM_global_library.vm
2017-09-09 10:03:12,245 - Velocimacro : Default library not found.
2017-09-09 10:03:12,245 - Velocimacro : allowInline = true : VMs can be defined inline in templates
2017-09-09 10:03:12,245 - Velocimacro : allowInlineToOverride = false : VMs defined inline may NOT replace previous VM definitions
2017-09-09 10:03:12,245 - Velocimacro : allowInlineLocal = false : VMs defined inline will be global in scope if allowed.
2017-09-09 10:03:12,245 - Velocimacro : autoload off : VM system will not automatically reload global library macros
2017-09-09 10:03:12,261 - Log4JLogChute initialized using file 'velocity.log'
2017-09-09 10:03:12,261 - Log4JLogChute initialized using file 'velocity.log'
2017-09-09 10:03:12,261 - Initializing Velocity, Calling init()...
2017-09-09 10:03:12,261 - Initializing Velocity, Calling init()...
2017-09-09 10:03:12,261 - Starting Apache Velocity v1.7 (compiled: 2010-11-19 12:14:37)
2017-09-09 10:03:12,261 - Starting Apache Velocity v1.7 (compiled: 2010-11-19 12:14:37)
2017-09-09 10:03:12,261 - Default Properties File: org\apache\velocity\runtime\defaults\velocity.properties
2017-09-09 10:03:12,261 - Default Properties File: org\apache\velocity\runtime\defaults\velocity.properties
2017-09-09 10:03:12,261 - Trying to use logger class org.apache.velocity.runtime.log.AvalonLogChute
2017-09-09 10:03:12,261 - Trying to use logger class org.apache.velocity.runtime.log.AvalonLogChute
2017-09-09 10:03:12,261 - Target log system for org.apache.velocity.runtime.log.AvalonLogChute is not available (java.lang.NoClassDefFoundError: org/apache/log/format/Formatter).  Falling back to next log system...
2017-09-09 10:03:12,261 - Target log system for org.apache.velocity.runtime.log.AvalonLogChute is not available (java.lang.NoClassDefFoundError: org/apache/log/format/Formatter).  Falling back to next log system...
2017-09-09 10:03:12,261 - Trying to use logger class org.apache.velocity.runtime.log.Log4JLogChute
2017-09-09 10:03:12,261 - Trying to use logger class org.apache.velocity.runtime.log.Log4JLogChute
2017-09-09 10:03:12,262 - Using logger class org.apache.velocity.runtime.log.Log4JLogChute
2017-09-09 10:03:12,262 - Using logger class org.apache.velocity.runtime.log.Log4JLogChute
2017-09-09 10:03:12,262 - ResourceLoader instantiated: org.apache.velocity.runtime.resource.loader.FileResourceLoader
2017-09-09 10:03:12,262 - ResourceLoader instantiated: org.apache.velocity.runtime.resource.loader.FileResourceLoader
2017-09-09 10:03:12,262 - Do unicode file recognition:  false
2017-09-09 10:03:12,262 - Do unicode file recognition:  false
2017-09-09 10:03:12,262 - FileResourceLoader : adding path '.'
2017-09-09 10:03:12,262 - FileResourceLoader : adding path '.'
2017-09-09 10:03:12,262 - ResourceCache: initialized (class org.apache.velocity.runtime.resource.ResourceCacheImpl) with class java.util.Collections$SynchronizedMap cache map.
2017-09-09 10:03:12,262 - ResourceCache: initialized (class org.apache.velocity.runtime.resource.ResourceCacheImpl) with class java.util.Collections$SynchronizedMap cache map.
2017-09-09 10:03:12,263 - Loaded System Directive: org.apache.velocity.runtime.directive.Stop
2017-09-09 10:03:12,263 - Loaded System Directive: org.apache.velocity.runtime.directive.Stop
2017-09-09 10:03:12,263 - Loaded System Directive: org.apache.velocity.runtime.directive.Define
2017-09-09 10:03:12,263 - Loaded System Directive: org.apache.velocity.runtime.directive.Define
2017-09-09 10:03:12,263 - Loaded System Directive: org.apache.velocity.runtime.directive.Break
2017-09-09 10:03:12,263 - Loaded System Directive: org.apache.velocity.runtime.directive.Break
2017-09-09 10:03:12,263 - Loaded System Directive: org.apache.velocity.runtime.directive.Evaluate
2017-09-09 10:03:12,263 - Loaded System Directive: org.apache.velocity.runtime.directive.Evaluate
2017-09-09 10:03:12,263 - Loaded System Directive: org.apache.velocity.runtime.directive.Literal
2017-09-09 10:03:12,263 - Loaded System Directive: org.apache.velocity.runtime.directive.Literal
2017-09-09 10:03:12,264 - Loaded System Directive: org.apache.velocity.runtime.directive.Macro
2017-09-09 10:03:12,264 - Loaded System Directive: org.apache.velocity.runtime.directive.Macro
2017-09-09 10:03:12,264 - Loaded System Directive: org.apache.velocity.runtime.directive.Parse
2017-09-09 10:03:12,264 - Loaded System Directive: org.apache.velocity.runtime.directive.Parse
2017-09-09 10:03:12,264 - Loaded System Directive: org.apache.velocity.runtime.directive.Include
2017-09-09 10:03:12,264 - Loaded System Directive: org.apache.velocity.runtime.directive.Include
2017-09-09 10:03:12,264 - Loaded System Directive: org.apache.velocity.runtime.directive.Foreach
2017-09-09 10:03:12,264 - Loaded System Directive: org.apache.velocity.runtime.directive.Foreach
2017-09-09 10:03:12,265 - Created '20' parsers.
2017-09-09 10:03:12,265 - Created '20' parsers.
2017-09-09 10:03:12,266 - Velocimacro : "velocimacro.library" is not set.  Trying default library: VM_global_library.vm
2017-09-09 10:03:12,266 - Velocimacro : "velocimacro.library" is not set.  Trying default library: VM_global_library.vm
2017-09-09 10:03:12,266 - Velocimacro : Default library not found.
2017-09-09 10:03:12,266 - Velocimacro : Default library not found.
2017-09-09 10:03:12,266 - Velocimacro : allowInline = true : VMs can be defined inline in templates
2017-09-09 10:03:12,266 - Velocimacro : allowInline = true : VMs can be defined inline in templates
2017-09-09 10:03:12,266 - Velocimacro : allowInlineToOverride = false : VMs defined inline may NOT replace previous VM definitions
2017-09-09 10:03:12,266 - Velocimacro : allowInlineToOverride = false : VMs defined inline may NOT replace previous VM definitions
2017-09-09 10:03:12,266 - Velocimacro : allowInlineLocal = false : VMs defined inline will be global in scope if allowed.
2017-09-09 10:03:12,266 - Velocimacro : allowInlineLocal = false : VMs defined inline will be global in scope if allowed.
2017-09-09 10:03:12,266 - Velocimacro : autoload off : VM system will not automatically reload global library macros
2017-09-09 10:03:12,266 - Velocimacro : autoload off : VM system will not automatically reload global library macros
2017-09-09 10:03:12,276 - ResourceManager : found src/main/resources/template/addonMainClass.vm with loader org.apache.velocity.runtime.resource.loader.FileResourceLoader
2017-09-09 10:03:12,276 - ResourceManager : found src/main/resources/template/addonMainClass.vm with loader org.apache.velocity.runtime.resource.loader.FileResourceLoader
2017-09-09 10:03:12,288 - ResourceManager : found src/main/resources/template/zapAddonDescFile.vm with loader org.apache.velocity.runtime.resource.loader.FileResourceLoader
2017-09-09 10:03:12,288 - ResourceManager : found src/main/resources/template/zapAddonDescFile.vm with loader org.apache.velocity.runtime.resource.loader.FileResourceLoader
2017-09-09 10:03:12,343 - ResourceManager : found src/main/resources/buildToolTemplate/antIvy/build.vm with loader org.apache.velocity.runtime.resource.loader.FileResourceLoader
2017-09-09 10:03:12,343 - ResourceManager : found src/main/resources/buildToolTemplate/antIvy/build.vm with loader org.apache.velocity.runtime.resource.loader.FileResourceLoader
2017-09-09 10:03:12,345 - Null reference [template 'src/main/resources/buildToolTemplate/antIvy/build.vm', line 22, column 41] : ${basedir} cannot be resolved.
2017-09-09 10:03:12,345 - Null reference [template 'src/main/resources/buildToolTemplate/antIvy/build.vm', line 22, column 41] : ${basedir} cannot be resolved.
2017-09-09 10:03:12,345 - Null reference [template 'src/main/resources/buildToolTemplate/antIvy/build.vm', line 23, column 42] : ${ivy.jar.dir} cannot be resolved.
2017-09-09 10:03:12,345 - Null reference [template 'src/main/resources/buildToolTemplate/antIvy/build.vm', line 23, column 42] : ${ivy.jar.dir} cannot be resolved.
2017-09-09 10:03:12,345 - Null reference [template 'src/main/resources/buildToolTemplate/antIvy/build.vm', line 31, column 21] : ${ivy.jar.dir} cannot be resolved.
2017-09-09 10:03:12,345 - Null reference [template 'src/main/resources/buildToolTemplate/antIvy/build.vm', line 31, column 21] : ${ivy.jar.dir} cannot be resolved.
2017-09-09 10:03:12,345 - Null reference [template 'src/main/resources/buildToolTemplate/antIvy/build.vm', line 33, column 69] : ${ivy.install.version} cannot be resolved.
2017-09-09 10:03:12,345 - Null reference [template 'src/main/resources/buildToolTemplate/antIvy/build.vm', line 33, column 69] : ${ivy.install.version} cannot be resolved.
2017-09-09 10:03:12,346 - Null reference [template 'src/main/resources/buildToolTemplate/antIvy/build.vm', line 33, column 96] : ${ivy.install.version} cannot be resolved.
2017-09-09 10:03:12,346 - Null reference [template 'src/main/resources/buildToolTemplate/antIvy/build.vm', line 33, column 96] : ${ivy.install.version} cannot be resolved.
2017-09-09 10:03:12,346 - Null reference [template 'src/main/resources/buildToolTemplate/antIvy/build.vm', line 34, column 20] : ${ivy.jar.file} cannot be resolved.
2017-09-09 10:03:12,346 - Null reference [template 'src/main/resources/buildToolTemplate/antIvy/build.vm', line 34, column 20] : ${ivy.jar.file} cannot be resolved.
2017-09-09 10:03:12,346 - Null reference [template 'src/main/resources/buildToolTemplate/antIvy/build.vm', line 42, column 27] : ${ivy.jar.dir} cannot be resolved.
2017-09-09 10:03:12,346 - Null reference [template 'src/main/resources/buildToolTemplate/antIvy/build.vm', line 42, column 27] : ${ivy.jar.dir} cannot be resolved.
2017-09-09 10:03:12,346 - Null reference [template 'src/main/resources/buildToolTemplate/antIvy/build.vm', line 53, column 21] : ${build.dir} cannot be resolved.
2017-09-09 10:03:12,346 - Null reference [template 'src/main/resources/buildToolTemplate/antIvy/build.vm', line 53, column 21] : ${build.dir} cannot be resolved.
2017-09-09 10:03:12,346 - Null reference [template 'src/main/resources/buildToolTemplate/antIvy/build.vm', line 54, column 24] : ${src.dir} cannot be resolved.
2017-09-09 10:03:12,346 - Null reference [template 'src/main/resources/buildToolTemplate/antIvy/build.vm', line 54, column 24] : ${src.dir} cannot be resolved.
2017-09-09 10:03:12,346 - Null reference [template 'src/main/resources/buildToolTemplate/antIvy/build.vm', line 54, column 45] : ${build.dir} cannot be resolved.
2017-09-09 10:03:12,346 - Null reference [template 'src/main/resources/buildToolTemplate/antIvy/build.vm', line 54, column 45] : ${build.dir} cannot be resolved.
2017-09-09 10:03:12,346 - Null reference [template 'src/main/resources/buildToolTemplate/antIvy/build.vm', line 62, column 27] : ${build.dir} cannot be resolved.
2017-09-09 10:03:12,346 - Null reference [template 'src/main/resources/buildToolTemplate/antIvy/build.vm', line 62, column 27] : ${build.dir} cannot be resolved.
2017-09-09 10:03:12,346 - Null reference [template 'src/main/resources/buildToolTemplate/antIvy/build.vm', line 70, column 22] : ${ivy.jar.dir} cannot be resolved.
2017-09-09 10:03:12,346 - Null reference [template 'src/main/resources/buildToolTemplate/antIvy/build.vm', line 70, column 22] : ${ivy.jar.dir} cannot be resolved.
2017-09-09 10:03:12,360 - ResourceManager : found src/main/resources/template/addonPage.vm with loader org.apache.velocity.runtime.resource.loader.FileResourceLoader
2017-09-09 10:03:12,360 - ResourceManager : found src/main/resources/template/addonPage.vm with loader org.apache.velocity.runtime.resource.loader.FileResourceLoader
2017-09-09 10:03:12,368 - ResourceManager : found src/main/resources/template/mapFile.vm with loader org.apache.velocity.runtime.resource.loader.FileResourceLoader
2017-09-09 10:03:12,368 - ResourceManager : found src/main/resources/template/mapFile.vm with loader org.apache.velocity.runtime.resource.loader.FileResourceLoader
2017-09-09 10:03:12,377 - ResourceManager : found src/main/resources/template/helpset.vm with loader org.apache.velocity.runtime.resource.loader.FileResourceLoader
2017-09-09 10:03:12,377 - ResourceManager : found src/main/resources/template/helpset.vm with loader org.apache.velocity.runtime.resource.loader.FileResourceLoader
2017-09-09 10:03:12,386 - ResourceManager : found src/main/resources/template/index.vm with loader org.apache.velocity.runtime.resource.loader.FileResourceLoader
2017-09-09 10:03:12,386 - ResourceManager : found src/main/resources/template/index.vm with loader org.apache.velocity.runtime.resource.loader.FileResourceLoader
2017-09-09 10:03:12,394 - ResourceManager : found src/main/resources/template/toc.vm with loader org.apache.velocity.runtime.resource.loader.FileResourceLoader
2017-09-09 10:03:12,394 - ResourceManager : found src/main/resources/template/toc.vm with loader org.apache.velocity.runtime.resource.loader.FileResourceLoader
2017-09-09 10:08:46,665 - Log4JLogChute initialized using file 'velocity.log'
2017-09-09 10:08:46,665 - Initializing Velocity, Calling init()...
2017-09-09 10:08:46,665 - Starting Apache Velocity v1.7 (compiled: 2010-11-19 12:14:37)
2017-09-09 10:08:46,665 - Default Properties File: org\apache\velocity\runtime\defaults\velocity.properties
2017-09-09 10:08:46,665 - Trying to use logger class org.apache.velocity.runtime.log.AvalonLogChute
2017-09-09 10:08:46,665 - Target log system for org.apache.velocity.runtime.log.AvalonLogChute is not available (java.lang.NoClassDefFoundError: org/apache/log/format/Formatter).  Falling back to next log system...
2017-09-09 10:08:46,665 - Trying to use logger class org.apache.velocity.runtime.log.Log4JLogChute
2017-09-09 10:08:46,665 - Using logger class org.apache.velocity.runtime.log.Log4JLogChute
2017-09-09 10:08:46,672 - ResourceLoader instantiated: org.apache.velocity.runtime.resource.loader.FileResourceLoader
2017-09-09 10:08:46,673 - Do unicode file recognition:  false
2017-09-09 10:08:46,673 - FileResourceLoader : adding path '.'
2017-09-09 10:08:46,703 - ResourceCache: initialized (class org.apache.velocity.runtime.resource.ResourceCacheImpl) with class java.util.Collections$SynchronizedMap cache map.
2017-09-09 10:08:46,714 - Loaded System Directive: org.apache.velocity.runtime.directive.Stop
2017-09-09 10:08:46,717 - Loaded System Directive: org.apache.velocity.runtime.directive.Define
2017-09-09 10:08:46,718 - Loaded System Directive: org.apache.velocity.runtime.directive.Break
2017-09-09 10:08:46,719 - Loaded System Directive: org.apache.velocity.runtime.directive.Evaluate
2017-09-09 10:08:46,720 - Loaded System Directive: org.apache.velocity.runtime.directive.Literal
2017-09-09 10:08:46,722 - Loaded System Directive: org.apache.velocity.runtime.directive.Macro
2017-09-09 10:08:46,723 - Loaded System Directive: org.apache.velocity.runtime.directive.Parse
2017-09-09 10:08:46,727 - Loaded System Directive: org.apache.velocity.runtime.directive.Include
2017-09-09 10:08:46,728 - Loaded System Directive: org.apache.velocity.runtime.directive.Foreach
2017-09-09 10:08:46,777 - Created '20' parsers.
2017-09-09 10:08:46,784 - Velocimacro : "velocimacro.library" is not set.  Trying default library: VM_global_library.vm
2017-09-09 10:08:46,784 - Velocimacro : Default library not found.
2017-09-09 10:08:46,785 - Velocimacro : allowInline = true : VMs can be defined inline in templates
2017-09-09 10:08:46,785 - Velocimacro : allowInlineToOverride = false : VMs defined inline may NOT replace previous VM definitions
2017-09-09 10:08:46,785 - Velocimacro : allowInlineLocal = false : VMs defined inline will be global in scope if allowed.
2017-09-09 10:08:46,785 - Velocimacro : autoload off : VM system will not automatically reload global library macros
2017-09-09 10:08:46,807 - Log4JLogChute initialized using file 'velocity.log'
2017-09-09 10:08:46,807 - Log4JLogChute initialized using file 'velocity.log'
2017-09-09 10:08:46,807 - Initializing Velocity, Calling init()...
2017-09-09 10:08:46,807 - Initializing Velocity, Calling init()...
2017-09-09 10:08:46,807 - Starting Apache Velocity v1.7 (compiled: 2010-11-19 12:14:37)
2017-09-09 10:08:46,807 - Starting Apache Velocity v1.7 (compiled: 2010-11-19 12:14:37)
2017-09-09 10:08:46,807 - Default Properties File: org\apache\velocity\runtime\defaults\velocity.properties
2017-09-09 10:08:46,807 - Default Properties File: org\apache\velocity\runtime\defaults\velocity.properties
2017-09-09 10:08:46,807 - Trying to use logger class org.apache.velocity.runtime.log.AvalonLogChute
2017-09-09 10:08:46,807 - Trying to use logger class org.apache.velocity.runtime.log.AvalonLogChute
2017-09-09 10:08:46,807 - Target log system for org.apache.velocity.runtime.log.AvalonLogChute is not available (java.lang.NoClassDefFoundError: org/apache/log/format/Formatter).  Falling back to next log system...
2017-09-09 10:08:46,807 - Target log system for org.apache.velocity.runtime.log.AvalonLogChute is not available (java.lang.NoClassDefFoundError: org/apache/log/format/Formatter).  Falling back to next log system...
2017-09-09 10:08:46,807 - Trying to use logger class org.apache.velocity.runtime.log.Log4JLogChute
2017-09-09 10:08:46,807 - Trying to use logger class org.apache.velocity.runtime.log.Log4JLogChute
2017-09-09 10:08:46,807 - Using logger class org.apache.velocity.runtime.log.Log4JLogChute
2017-09-09 10:08:46,807 - Using logger class org.apache.velocity.runtime.log.Log4JLogChute
2017-09-09 10:08:46,808 - ResourceLoader instantiated: org.apache.velocity.runtime.resource.loader.FileResourceLoader
2017-09-09 10:08:46,808 - ResourceLoader instantiated: org.apache.velocity.runtime.resource.loader.FileResourceLoader
2017-09-09 10:08:46,808 - Do unicode file recognition:  false
2017-09-09 10:08:46,808 - Do unicode file recognition:  false
2017-09-09 10:08:46,808 - FileResourceLoader : adding path '.'
2017-09-09 10:08:46,808 - FileResourceLoader : adding path '.'
2017-09-09 10:08:46,808 - ResourceCache: initialized (class org.apache.velocity.runtime.resource.ResourceCacheImpl) with class java.util.Collections$SynchronizedMap cache map.
2017-09-09 10:08:46,808 - ResourceCache: initialized (class org.apache.velocity.runtime.resource.ResourceCacheImpl) with class java.util.Collections$SynchronizedMap cache map.
2017-09-09 10:08:46,809 - Loaded System Directive: org.apache.velocity.runtime.directive.Stop
2017-09-09 10:08:46,809 - Loaded System Directive: org.apache.velocity.runtime.directive.Stop
2017-09-09 10:08:46,809 - Loaded System Directive: org.apache.velocity.runtime.directive.Define
2017-09-09 10:08:46,809 - Loaded System Directive: org.apache.velocity.runtime.directive.Define
2017-09-09 10:08:46,809 - Loaded System Directive: org.apache.velocity.runtime.directive.Break
2017-09-09 10:08:46,809 - Loaded System Directive: org.apache.velocity.runtime.directive.Break
2017-09-09 10:08:46,809 - Loaded System Directive: org.apache.velocity.runtime.directive.Evaluate
2017-09-09 10:08:46,809 - Loaded System Directive: org.apache.velocity.runtime.directive.Evaluate
2017-09-09 10:08:46,809 - Loaded System Directive: org.apache.velocity.runtime.directive.Literal
2017-09-09 10:08:46,809 - Loaded System Directive: org.apache.velocity.runtime.directive.Literal
2017-09-09 10:08:46,809 - Loaded System Directive: org.apache.velocity.runtime.directive.Macro
2017-09-09 10:08:46,809 - Loaded System Directive: org.apache.velocity.runtime.directive.Macro
2017-09-09 10:08:46,810 - Loaded System Directive: org.apache.velocity.runtime.directive.Parse
2017-09-09 10:08:46,810 - Loaded System Directive: org.apache.velocity.runtime.directive.Parse
2017-09-09 10:08:46,810 - Loaded System Directive: org.apache.velocity.runtime.directive.Include
2017-09-09 10:08:46,810 - Loaded System Directive: org.apache.velocity.runtime.directive.Include
2017-09-09 10:08:46,810 - Loaded System Directive: org.apache.velocity.runtime.directive.Foreach
2017-09-09 10:08:46,810 - Loaded System Directive: org.apache.velocity.runtime.directive.Foreach
2017-09-09 10:08:46,811 - Created '20' parsers.
2017-09-09 10:08:46,811 - Created '20' parsers.
2017-09-09 10:08:46,811 - Velocimacro : "velocimacro.library" is not set.  Trying default library: VM_global_library.vm
2017-09-09 10:08:46,811 - Velocimacro : "velocimacro.library" is not set.  Trying default library: VM_global_library.vm
2017-09-09 10:08:46,812 - Velocimacro : Default library not found.
2017-09-09 10:08:46,812 - Velocimacro : Default library not found.
2017-09-09 10:08:46,812 - Velocimacro : allowInline = true : VMs can be defined inline in templates
2017-09-09 10:08:46,812 - Velocimacro : allowInline = true : VMs can be defined inline in templates
2017-09-09 10:08:46,812 - Velocimacro : allowInlineToOverride = false : VMs defined inline may NOT replace previous VM definitions
2017-09-09 10:08:46,812 - Velocimacro : allowInlineToOverride = false : VMs defined inline may NOT replace previous VM definitions
2017-09-09 10:08:46,812 - Velocimacro : allowInlineLocal = false : VMs defined inline will be global in scope if allowed.
2017-09-09 10:08:46,812 - Velocimacro : allowInlineLocal = false : VMs defined inline will be global in scope if allowed.
2017-09-09 10:08:46,812 - Velocimacro : autoload off : VM system will not automatically reload global library macros
2017-09-09 10:08:46,812 - Velocimacro : autoload off : VM system will not automatically reload global library macros
2017-09-09 10:08:46,823 - ResourceManager : found src/main/resources/template/addonMainClass.vm with loader org.apache.velocity.runtime.resource.loader.FileResourceLoader
2017-09-09 10:08:46,823 - ResourceManager : found src/main/resources/template/addonMainClass.vm with loader org.apache.velocity.runtime.resource.loader.FileResourceLoader
2017-09-09 10:08:46,834 - ResourceManager : found src/main/resources/template/zapAddonDescFile.vm with loader org.apache.velocity.runtime.resource.loader.FileResourceLoader
2017-09-09 10:08:46,834 - ResourceManager : found src/main/resources/template/zapAddonDescFile.vm with loader org.apache.velocity.runtime.resource.loader.FileResourceLoader
2017-09-09 10:08:46,845 - ResourceManager : found src/main/resources/buildToolTemplate/antIvy/build.vm with loader org.apache.velocity.runtime.resource.loader.FileResourceLoader
2017-09-09 10:08:46,845 - ResourceManager : found src/main/resources/buildToolTemplate/antIvy/build.vm with loader org.apache.velocity.runtime.resource.loader.FileResourceLoader
2017-09-09 10:08:46,847 - Null reference [template 'src/main/resources/buildToolTemplate/antIvy/build.vm', line 22, column 41] : ${basedir} cannot be resolved.
2017-09-09 10:08:46,847 - Null reference [template 'src/main/resources/buildToolTemplate/antIvy/build.vm', line 22, column 41] : ${basedir} cannot be resolved.
2017-09-09 10:08:46,848 - Null reference [template 'src/main/resources/buildToolTemplate/antIvy/build.vm', line 23, column 42] : ${ivy.jar.dir} cannot be resolved.
2017-09-09 10:08:46,848 - Null reference [template 'src/main/resources/buildToolTemplate/antIvy/build.vm', line 23, column 42] : ${ivy.jar.dir} cannot be resolved.
2017-09-09 10:08:46,848 - Null reference [template 'src/main/resources/buildToolTemplate/antIvy/build.vm', line 31, column 21] : ${ivy.jar.dir} cannot be resolved.
2017-09-09 10:08:46,848 - Null reference [template 'src/main/resources/buildToolTemplate/antIvy/build.vm', line 31, column 21] : ${ivy.jar.dir} cannot be resolved.
2017-09-09 10:08:46,848 - Null reference [template 'src/main/resources/buildToolTemplate/antIvy/build.vm', line 33, column 69] : ${ivy.install.version} cannot be resolved.
2017-09-09 10:08:46,848 - Null reference [template 'src/main/resources/buildToolTemplate/antIvy/build.vm', line 33, column 69] : ${ivy.install.version} cannot be resolved.
2017-09-09 10:08:46,848 - Null reference [template 'src/main/resources/buildToolTemplate/antIvy/build.vm', line 33, column 96] : ${ivy.install.version} cannot be resolved.
2017-09-09 10:08:46,848 - Null reference [template 'src/main/resources/buildToolTemplate/antIvy/build.vm', line 33, column 96] : ${ivy.install.version} cannot be resolved.
2017-09-09 10:08:46,848 - Null reference [template 'src/main/resources/buildToolTemplate/antIvy/build.vm', line 34, column 20] : ${ivy.jar.file} cannot be resolved.
2017-09-09 10:08:46,848 - Null reference [template 'src/main/resources/buildToolTemplate/antIvy/build.vm', line 34, column 20] : ${ivy.jar.file} cannot be resolved.
2017-09-09 10:08:46,848 - Null reference [template 'src/main/resources/buildToolTemplate/antIvy/build.vm', line 42, column 27] : ${ivy.jar.dir} cannot be resolved.
2017-09-09 10:08:46,848 - Null reference [template 'src/main/resources/buildToolTemplate/antIvy/build.vm', line 42, column 27] : ${ivy.jar.dir} cannot be resolved.
2017-09-09 10:08:46,848 - Null reference [template 'src/main/resources/buildToolTemplate/antIvy/build.vm', line 53, column 21] : ${build.dir} cannot be resolved.
2017-09-09 10:08:46,848 - Null reference [template 'src/main/resources/buildToolTemplate/antIvy/build.vm', line 53, column 21] : ${build.dir} cannot be resolved.
2017-09-09 10:08:46,848 - Null reference [template 'src/main/resources/buildToolTemplate/antIvy/build.vm', line 54, column 24] : ${src.dir} cannot be resolved.
2017-09-09 10:08:46,848 - Null reference [template 'src/main/resources/buildToolTemplate/antIvy/build.vm', line 54, column 24] : ${src.dir} cannot be resolved.
2017-09-09 10:08:46,848 - Null reference [template 'src/main/resources/buildToolTemplate/antIvy/build.vm', line 54, column 45] : ${build.dir} cannot be resolved.
2017-09-09 10:08:46,848 - Null reference [template 'src/main/resources/buildToolTemplate/antIvy/build.vm', line 54, column 45] : ${build.dir} cannot be resolved.
2017-09-09 10:08:46,848 - Null reference [template 'src/main/resources/buildToolTemplate/antIvy/build.vm', line 62, column 27] : ${build.dir} cannot be resolved.
2017-09-09 10:08:46,848 - Null reference [template 'src/main/resources/buildToolTemplate/antIvy/build.vm', line 62, column 27] : ${build.dir} cannot be resolved.
2017-09-09 10:08:46,848 - Null reference [template 'src/main/resources/buildToolTemplate/antIvy/build.vm', line 70, column 22] : ${ivy.jar.dir} cannot be resolved.
2017-09-09 10:08:46,848 - Null reference [template 'src/main/resources/buildToolTemplate/antIvy/build.vm', line 70, column 22] : ${ivy.jar.dir} cannot be resolved.
2017-09-09 10:08:46,862 - ResourceManager : found src/main/resources/template/addonPage.vm with loader org.apache.velocity.runtime.resource.loader.FileResourceLoader
2017-09-09 10:08:46,862 - ResourceManager : found src/main/resources/template/addonPage.vm with loader org.apache.velocity.runtime.resource.loader.FileResourceLoader
2017-09-09 10:08:46,871 - ResourceManager : found src/main/resources/template/mapFile.vm with loader org.apache.velocity.runtime.resource.loader.FileResourceLoader
2017-09-09 10:08:46,871 - ResourceManager : found src/main/resources/template/mapFile.vm with loader org.apache.velocity.runtime.resource.loader.FileResourceLoader
2017-09-09 10:08:46,880 - ResourceManager : found src/main/resources/template/helpset.vm with loader org.apache.velocity.runtime.resource.loader.FileResourceLoader
2017-09-09 10:08:46,880 - ResourceManager : found src/main/resources/template/helpset.vm with loader org.apache.velocity.runtime.resource.loader.FileResourceLoader
2017-09-09 10:08:46,887 - ResourceManager : found src/main/resources/template/index.vm with loader org.apache.velocity.runtime.resource.loader.FileResourceLoader
2017-09-09 10:08:46,887 - ResourceManager : found src/main/resources/template/index.vm with loader org.apache.velocity.runtime.resource.loader.FileResourceLoader
2017-09-09 10:08:46,896 - ResourceManager : found src/main/resources/template/toc.vm with loader org.apache.velocity.runtime.resource.loader.FileResourceLoader
2017-09-09 10:08:46,896 - ResourceManager : found src/main/resources/template/toc.vm with loader org.apache.velocity.runtime.resource.loader.FileResourceLoader
2017-09-09 10:27:15,158 - Log4JLogChute initialized using file 'velocity.log'
2017-09-09 10:27:15,158 - Initializing Velocity, Calling init()...
2017-09-09 10:27:15,158 - Starting Apache Velocity v1.7 (compiled: 2010-11-19 12:14:37)
2017-09-09 10:27:15,159 - Default Properties File: org\apache\velocity\runtime\defaults\velocity.properties
2017-09-09 10:27:15,159 - Trying to use logger class org.apache.velocity.runtime.log.AvalonLogChute
2017-09-09 10:27:15,159 - Target log system for org.apache.velocity.runtime.log.AvalonLogChute is not available (java.lang.NoClassDefFoundError: org/apache/log/format/Formatter).  Falling back to next log system...
2017-09-09 10:27:15,159 - Trying to use logger class org.apache.velocity.runtime.log.Log4JLogChute
2017-09-09 10:27:15,159 - Using logger class org.apache.velocity.runtime.log.Log4JLogChute
2017-09-09 10:27:15,166 - ResourceLoader instantiated: org.apache.velocity.runtime.resource.loader.FileResourceLoader
2017-09-09 10:27:15,167 - Do unicode file recognition:  false
2017-09-09 10:27:15,167 - FileResourceLoader : adding path '.'
2017-09-09 10:27:15,180 - ResourceCache: initialized (class org.apache.velocity.runtime.resource.ResourceCacheImpl) with class java.util.Collections$SynchronizedMap cache map.
2017-09-09 10:27:15,184 - Loaded System Directive: org.apache.velocity.runtime.directive.Stop
2017-09-09 10:27:15,185 - Loaded System Directive: org.apache.velocity.runtime.directive.Define
2017-09-09 10:27:15,186 - Loaded System Directive: org.apache.velocity.runtime.directive.Break
2017-09-09 10:27:15,187 - Loaded System Directive: org.apache.velocity.runtime.directive.Evaluate
2017-09-09 10:27:15,188 - Loaded System Directive: org.apache.velocity.runtime.directive.Literal
2017-09-09 10:27:15,190 - Loaded System Directive: org.apache.velocity.runtime.directive.Macro
2017-09-09 10:27:15,192 - Loaded System Directive: org.apache.velocity.runtime.directive.Parse
2017-09-09 10:27:15,194 - Loaded System Directive: org.apache.velocity.runtime.directive.Include
2017-09-09 10:27:15,194 - Loaded System Directive: org.apache.velocity.runtime.directive.Foreach
2017-09-09 10:27:15,249 - Created '20' parsers.
2017-09-09 10:27:15,258 - Velocimacro : "velocimacro.library" is not set.  Trying default library: VM_global_library.vm
2017-09-09 10:27:15,258 - Velocimacro : Default library not found.
2017-09-09 10:27:15,258 - Velocimacro : allowInline = true : VMs can be defined inline in templates
2017-09-09 10:27:15,258 - Velocimacro : allowInlineToOverride = false : VMs defined inline may NOT replace previous VM definitions
2017-09-09 10:27:15,258 - Velocimacro : allowInlineLocal = false : VMs defined inline will be global in scope if allowed.
2017-09-09 10:27:15,258 - Velocimacro : autoload off : VM system will not automatically reload global library macros
2017-09-09 10:27:15,285 - Log4JLogChute initialized using file 'velocity.log'
2017-09-09 10:27:15,285 - Log4JLogChute initialized using file 'velocity.log'
2017-09-09 10:27:15,285 - Initializing Velocity, Calling init()...
2017-09-09 10:27:15,285 - Initializing Velocity, Calling init()...
2017-09-09 10:27:15,285 - Starting Apache Velocity v1.7 (compiled: 2010-11-19 12:14:37)
2017-09-09 10:27:15,285 - Starting Apache Velocity v1.7 (compiled: 2010-11-19 12:14:37)
2017-09-09 10:27:15,285 - Default Properties File: org\apache\velocity\runtime\defaults\velocity.properties
2017-09-09 10:27:15,285 - Default Properties File: org\apache\velocity\runtime\defaults\velocity.properties
2017-09-09 10:27:15,285 - Trying to use logger class org.apache.velocity.runtime.log.AvalonLogChute
2017-09-09 10:27:15,285 - Trying to use logger class org.apache.velocity.runtime.log.AvalonLogChute
2017-09-09 10:27:15,285 - Target log system for org.apache.velocity.runtime.log.AvalonLogChute is not available (java.lang.NoClassDefFoundError: org/apache/log/format/Formatter).  Falling back to next log system...
2017-09-09 10:27:15,285 - Target log system for org.apache.velocity.runtime.log.AvalonLogChute is not available (java.lang.NoClassDefFoundError: org/apache/log/format/Formatter).  Falling back to next log system...
2017-09-09 10:27:15,285 - Trying to use logger class org.apache.velocity.runtime.log.Log4JLogChute
2017-09-09 10:27:15,285 - Trying to use logger class org.apache.velocity.runtime.log.Log4JLogChute
2017-09-09 10:27:15,285 - Using logger class org.apache.velocity.runtime.log.Log4JLogChute
2017-09-09 10:27:15,285 - Using logger class org.apache.velocity.runtime.log.Log4JLogChute
2017-09-09 10:27:15,286 - ResourceLoader instantiated: org.apache.velocity.runtime.resource.loader.FileResourceLoader
2017-09-09 10:27:15,286 - ResourceLoader instantiated: org.apache.velocity.runtime.resource.loader.FileResourceLoader
2017-09-09 10:27:15,286 - Do unicode file recognition:  false
2017-09-09 10:27:15,286 - Do unicode file recognition:  false
2017-09-09 10:27:15,286 - FileResourceLoader : adding path '.'
2017-09-09 10:27:15,286 - FileResourceLoader : adding path '.'
2017-09-09 10:27:15,286 - ResourceCache: initialized (class org.apache.velocity.runtime.resource.ResourceCacheImpl) with class java.util.Collections$SynchronizedMap cache map.
2017-09-09 10:27:15,286 - ResourceCache: initialized (class org.apache.velocity.runtime.resource.ResourceCacheImpl) with class java.util.Collections$SynchronizedMap cache map.
2017-09-09 10:27:15,287 - Loaded System Directive: org.apache.velocity.runtime.directive.Stop
2017-09-09 10:27:15,287 - Loaded System Directive: org.apache.velocity.runtime.directive.Stop
2017-09-09 10:27:15,287 - Loaded System Directive: org.apache.velocity.runtime.directive.Define
2017-09-09 10:27:15,287 - Loaded System Directive: org.apache.velocity.runtime.directive.Define
2017-09-09 10:27:15,287 - Loaded System Directive: org.apache.velocity.runtime.directive.Break
2017-09-09 10:27:15,287 - Loaded System Directive: org.apache.velocity.runtime.directive.Break
2017-09-09 10:27:15,287 - Loaded System Directive: org.apache.velocity.runtime.directive.Evaluate
2017-09-09 10:27:15,287 - Loaded System Directive: org.apache.velocity.runtime.directive.Evaluate
2017-09-09 10:27:15,287 - Loaded System Directive: org.apache.velocity.runtime.directive.Literal
2017-09-09 10:27:15,287 - Loaded System Directive: org.apache.velocity.runtime.directive.Literal
2017-09-09 10:27:15,287 - Loaded System Directive: org.apache.velocity.runtime.directive.Macro
2017-09-09 10:27:15,287 - Loaded System Directive: org.apache.velocity.runtime.directive.Macro
2017-09-09 10:27:15,288 - Loaded System Directive: org.apache.velocity.runtime.directive.Parse
2017-09-09 10:27:15,288 - Loaded System Directive: org.apache.velocity.runtime.directive.Parse
2017-09-09 10:27:15,288 - Loaded System Directive: org.apache.velocity.runtime.directive.Include
2017-09-09 10:27:15,288 - Loaded System Directive: org.apache.velocity.runtime.directive.Include
2017-09-09 10:27:15,288 - Loaded System Directive: org.apache.velocity.runtime.directive.Foreach
2017-09-09 10:27:15,288 - Loaded System Directive: org.apache.velocity.runtime.directive.Foreach
2017-09-09 10:27:15,289 - Created '20' parsers.
2017-09-09 10:27:15,289 - Created '20' parsers.
2017-09-09 10:27:15,289 - Velocimacro : "velocimacro.library" is not set.  Trying default library: VM_global_library.vm
2017-09-09 10:27:15,289 - Velocimacro : "velocimacro.library" is not set.  Trying default library: VM_global_library.vm
2017-09-09 10:27:15,289 - Velocimacro : Default library not found.
2017-09-09 10:27:15,289 - Velocimacro : Default library not found.
2017-09-09 10:27:15,289 - Velocimacro : allowInline = true : VMs can be defined inline in templates
2017-09-09 10:27:15,289 - Velocimacro : allowInline = true : VMs can be defined inline in templates
2017-09-09 10:27:15,290 - Velocimacro : allowInlineToOverride = false : VMs defined inline may NOT replace previous VM definitions
2017-09-09 10:27:15,290 - Velocimacro : allowInlineToOverride = false : VMs defined inline may NOT replace previous VM definitions
2017-09-09 10:27:15,290 - Velocimacro : allowInlineLocal = false : VMs defined inline will be global in scope if allowed.
2017-09-09 10:27:15,290 - Velocimacro : allowInlineLocal = false : VMs defined inline will be global in scope if allowed.
2017-09-09 10:27:15,290 - Velocimacro : autoload off : VM system will not automatically reload global library macros
2017-09-09 10:27:15,290 - Velocimacro : autoload off : VM system will not automatically reload global library macros
2017-09-09 10:27:15,301 - ResourceManager : found src/main/resources/template/addonMainClass.vm with loader org.apache.velocity.runtime.resource.loader.FileResourceLoader
2017-09-09 10:27:15,301 - ResourceManager : found src/main/resources/template/addonMainClass.vm with loader org.apache.velocity.runtime.resource.loader.FileResourceLoader
2017-09-09 10:27:15,311 - ResourceManager : found src/main/resources/template/zapAddonDescFile.vm with loader org.apache.velocity.runtime.resource.loader.FileResourceLoader
2017-09-09 10:27:15,311 - ResourceManager : found src/main/resources/template/zapAddonDescFile.vm with loader org.apache.velocity.runtime.resource.loader.FileResourceLoader
2017-09-09 10:27:15,325 - ResourceManager : found src/main/resources/buildToolTemplate/antIvy/build.vm with loader org.apache.velocity.runtime.resource.loader.FileResourceLoader
2017-09-09 10:27:15,325 - ResourceManager : found src/main/resources/buildToolTemplate/antIvy/build.vm with loader org.apache.velocity.runtime.resource.loader.FileResourceLoader
2017-09-09 10:27:15,327 - Null reference [template 'src/main/resources/buildToolTemplate/antIvy/build.vm', line 22, column 41] : ${basedir} cannot be resolved.
2017-09-09 10:27:15,327 - Null reference [template 'src/main/resources/buildToolTemplate/antIvy/build.vm', line 22, column 41] : ${basedir} cannot be resolved.
2017-09-09 10:27:15,327 - Null reference [template 'src/main/resources/buildToolTemplate/antIvy/build.vm', line 23, column 42] : ${ivy.jar.dir} cannot be resolved.
2017-09-09 10:27:15,327 - Null reference [template 'src/main/resources/buildToolTemplate/antIvy/build.vm', line 23, column 42] : ${ivy.jar.dir} cannot be resolved.
2017-09-09 10:27:15,327 - Null reference [template 'src/main/resources/buildToolTemplate/antIvy/build.vm', line 31, column 21] : ${ivy.jar.dir} cannot be resolved.
2017-09-09 10:27:15,327 - Null reference [template 'src/main/resources/buildToolTemplate/antIvy/build.vm', line 31, column 21] : ${ivy.jar.dir} cannot be resolved.
2017-09-09 10:27:15,327 - Null reference [template 'src/main/resources/buildToolTemplate/antIvy/build.vm', line 33, column 69] : ${ivy.install.version} cannot be resolved.
2017-09-09 10:27:15,327 - Null reference [template 'src/main/resources/buildToolTemplate/antIvy/build.vm', line 33, column 69] : ${ivy.install.version} cannot be resolved.
2017-09-09 10:27:15,328 - Null reference [template 'src/main/resources/buildToolTemplate/antIvy/build.vm', line 33, column 96] : ${ivy.install.version} cannot be resolved.
2017-09-09 10:27:15,328 - Null reference [template 'src/main/resources/buildToolTemplate/antIvy/build.vm', line 33, column 96] : ${ivy.install.version} cannot be resolved.
2017-09-09 10:27:15,328 - Null reference [template 'src/main/resources/buildToolTemplate/antIvy/build.vm', line 34, column 20] : ${ivy.jar.file} cannot be resolved.
2017-09-09 10:27:15,328 - Null reference [template 'src/main/resources/buildToolTemplate/antIvy/build.vm', line 34, column 20] : ${ivy.jar.file} cannot be resolved.
2017-09-09 10:27:15,328 - Null reference [template 'src/main/resources/buildToolTemplate/antIvy/build.vm', line 42, column 27] : ${ivy.jar.dir} cannot be resolved.
2017-09-09 10:27:15,328 - Null reference [template 'src/main/resources/buildToolTemplate/antIvy/build.vm', line 42, column 27] : ${ivy.jar.dir} cannot be resolved.
2017-09-09 10:27:15,328 - Null reference [template 'src/main/resources/buildToolTemplate/antIvy/build.vm', line 53, column 21] : ${build.dir} cannot be resolved.
2017-09-09 10:27:15,328 - Null reference [template 'src/main/resources/buildToolTemplate/antIvy/build.vm', line 53, column 21] : ${build.dir} cannot be resolved.
2017-09-09 10:27:15,328 - Null reference [template 'src/main/resources/buildToolTemplate/antIvy/build.vm', line 54, column 24] : ${src.dir} cannot be resolved.
2017-09-09 10:27:15,328 - Null reference [template 'src/main/resources/buildToolTemplate/antIvy/build.vm', line 54, column 24] : ${src.dir} cannot be resolved.
2017-09-09 10:27:15,328 - Null reference [template 'src/main/resources/buildToolTemplate/antIvy/build.vm', line 54, column 45] : ${build.dir} cannot be resolved.
2017-09-09 10:27:15,328 - Null reference [template 'src/main/resources/buildToolTemplate/antIvy/build.vm', line 54, column 45] : ${build.dir} cannot be resolved.
2017-09-09 10:27:15,328 - Null reference [template 'src/main/resources/buildToolTemplate/antIvy/build.vm', line 62, column 27] : ${build.dir} cannot be resolved.
2017-09-09 10:27:15,328 - Null reference [template 'src/main/resources/buildToolTemplate/antIvy/build.vm', line 62, column 27] : ${build.dir} cannot be resolved.
2017-09-09 10:27:15,328 - Null reference [template 'src/main/resources/buildToolTemplate/antIvy/build.vm', line 70, column 22] : ${ivy.jar.dir} cannot be resolved.
2017-09-09 10:27:15,328 - Null reference [template 'src/main/resources/buildToolTemplate/antIvy/build.vm', line 70, column 22] : ${ivy.jar.dir} cannot be resolved.
2017-09-09 10:27:15,344 - ResourceManager : found src/main/resources/template/addonPage.vm with loader org.apache.velocity.runtime.resource.loader.FileResourceLoader
2017-09-09 10:27:15,344 - ResourceManager : found src/main/resources/template/addonPage.vm with loader org.apache.velocity.runtime.resource.loader.FileResourceLoader
2017-09-09 10:27:15,352 - ResourceManager : found src/main/resources/template/mapFile.vm with loader org.apache.velocity.runtime.resource.loader.FileResourceLoader
2017-09-09 10:27:15,352 - ResourceManager : found src/main/resources/template/mapFile.vm with loader org.apache.velocity.runtime.resource.loader.FileResourceLoader
2017-09-09 10:27:15,362 - ResourceManager : found src/main/resources/template/helpset.vm with loader org.apache.velocity.runtime.resource.loader.FileResourceLoader
2017-09-09 10:27:15,362 - ResourceManager : found src/main/resources/template/helpset.vm with loader org.apache.velocity.runtime.resource.loader.FileResourceLoader
2017-09-09 10:27:15,370 - ResourceManager : found src/main/resources/template/index.vm with loader org.apache.velocity.runtime.resource.loader.FileResourceLoader
2017-09-09 10:27:15,370 - ResourceManager : found src/main/resources/template/index.vm with loader org.apache.velocity.runtime.resource.loader.FileResourceLoader
2017-09-09 10:27:15,379 - ResourceManager : found src/main/resources/template/toc.vm with loader org.apache.velocity.runtime.resource.loader.FileResourceLoader
2017-09-09 10:27:15,379 - ResourceManager : found src/main/resources/template/toc.vm with loader org.apache.velocity.runtime.resource.loader.FileResourceLoader
2017-09-09 10:29:54,929 - Log4JLogChute initialized using file 'velocity.log'
2017-09-09 10:29:54,929 - Initializing Velocity, Calling init()...
2017-09-09 10:29:54,929 - Starting Apache Velocity v1.7 (compiled: 2010-11-19 12:14:37)
2017-09-09 10:29:54,929 - Default Properties File: org\apache\velocity\runtime\defaults\velocity.properties
2017-09-09 10:29:54,929 - Trying to use logger class org.apache.velocity.runtime.log.AvalonLogChute
2017-09-09 10:29:54,930 - Target log system for org.apache.velocity.runtime.log.AvalonLogChute is not available (java.lang.NoClassDefFoundError: org/apache/log/format/Formatter).  Falling back to next log system...
2017-09-09 10:29:54,930 - Trying to use logger class org.apache.velocity.runtime.log.Log4JLogChute
2017-09-09 10:29:54,930 - Using logger class org.apache.velocity.runtime.log.Log4JLogChute
2017-09-09 10:29:54,940 - ResourceLoader instantiated: org.apache.velocity.runtime.resource.loader.FileResourceLoader
2017-09-09 10:29:54,942 - Do unicode file recognition:  false
2017-09-09 10:29:54,942 - FileResourceLoader : adding path '.'
2017-09-09 10:29:54,982 - ResourceCache: initialized (class org.apache.velocity.runtime.resource.ResourceCacheImpl) with class java.util.Collections$SynchronizedMap cache map.
2017-09-09 10:29:54,985 - Loaded System Directive: org.apache.velocity.runtime.directive.Stop
2017-09-09 10:29:54,986 - Loaded System Directive: org.apache.velocity.runtime.directive.Define
2017-09-09 10:29:54,991 - Loaded System Directive: org.apache.velocity.runtime.directive.Break
2017-09-09 10:29:54,993 - Loaded System Directive: org.apache.velocity.runtime.directive.Evaluate
2017-09-09 10:29:54,994 - Loaded System Directive: org.apache.velocity.runtime.directive.Literal
2017-09-09 10:29:54,996 - Loaded System Directive: org.apache.velocity.runtime.directive.Macro
2017-09-09 10:29:54,998 - Loaded System Directive: org.apache.velocity.runtime.directive.Parse
2017-09-09 10:29:55,000 - Loaded System Directive: org.apache.velocity.runtime.directive.Include
2017-09-09 10:29:55,001 - Loaded System Directive: org.apache.velocity.runtime.directive.Foreach
2017-09-09 10:29:55,045 - Created '20' parsers.
2017-09-09 10:29:55,052 - Velocimacro : "velocimacro.library" is not set.  Trying default library: VM_global_library.vm
2017-09-09 10:29:55,053 - Velocimacro : Default library not found.
2017-09-09 10:29:55,053 - Velocimacro : allowInline = true : VMs can be defined inline in templates
2017-09-09 10:29:55,053 - Velocimacro : allowInlineToOverride = false : VMs defined inline may NOT replace previous VM definitions
2017-09-09 10:29:55,053 - Velocimacro : allowInlineLocal = false : VMs defined inline will be global in scope if allowed.
2017-09-09 10:29:55,053 - Velocimacro : autoload off : VM system will not automatically reload global library macros
2017-09-09 10:29:55,076 - Log4JLogChute initialized using file 'velocity.log'
2017-09-09 10:29:55,076 - Log4JLogChute initialized using file 'velocity.log'
2017-09-09 10:29:55,076 - Initializing Velocity, Calling init()...
2017-09-09 10:29:55,076 - Initializing Velocity, Calling init()...
2017-09-09 10:29:55,076 - Starting Apache Velocity v1.7 (compiled: 2010-11-19 12:14:37)
2017-09-09 10:29:55,076 - Starting Apache Velocity v1.7 (compiled: 2010-11-19 12:14:37)
2017-09-09 10:29:55,076 - Default Properties File: org\apache\velocity\runtime\defaults\velocity.properties
2017-09-09 10:29:55,076 - Default Properties File: org\apache\velocity\runtime\defaults\velocity.properties
2017-09-09 10:29:55,076 - Trying to use logger class org.apache.velocity.runtime.log.AvalonLogChute
2017-09-09 10:29:55,076 - Trying to use logger class org.apache.velocity.runtime.log.AvalonLogChute
2017-09-09 10:29:55,076 - Target log system for org.apache.velocity.runtime.log.AvalonLogChute is not available (java.lang.NoClassDefFoundError: org/apache/log/format/Formatter).  Falling back to next log system...
2017-09-09 10:29:55,076 - Target log system for org.apache.velocity.runtime.log.AvalonLogChute is not available (java.lang.NoClassDefFoundError: org/apache/log/format/Formatter).  Falling back to next log system...
2017-09-09 10:29:55,076 - Trying to use logger class org.apache.velocity.runtime.log.Log4JLogChute
2017-09-09 10:29:55,076 - Trying to use logger class org.apache.velocity.runtime.log.Log4JLogChute
2017-09-09 10:29:55,076 - Using logger class org.apache.velocity.runtime.log.Log4JLogChute
2017-09-09 10:29:55,076 - Using logger class org.apache.velocity.runtime.log.Log4JLogChute
2017-09-09 10:29:55,076 - ResourceLoader instantiated: org.apache.velocity.runtime.resource.loader.FileResourceLoader
2017-09-09 10:29:55,076 - ResourceLoader instantiated: org.apache.velocity.runtime.resource.loader.FileResourceLoader
2017-09-09 10:29:55,077 - Do unicode file recognition:  false
2017-09-09 10:29:55,077 - Do unicode file recognition:  false
2017-09-09 10:29:55,077 - FileResourceLoader : adding path '.'
2017-09-09 10:29:55,077 - FileResourceLoader : adding path '.'
2017-09-09 10:29:55,077 - ResourceCache: initialized (class org.apache.velocity.runtime.resource.ResourceCacheImpl) with class java.util.Collections$SynchronizedMap cache map.
2017-09-09 10:29:55,077 - ResourceCache: initialized (class org.apache.velocity.runtime.resource.ResourceCacheImpl) with class java.util.Collections$SynchronizedMap cache map.
2017-09-09 10:29:55,078 - Loaded System Directive: org.apache.velocity.runtime.directive.Stop
2017-09-09 10:29:55,078 - Loaded System Directive: org.apache.velocity.runtime.directive.Stop
2017-09-09 10:29:55,078 - Loaded System Directive: org.apache.velocity.runtime.directive.Define
2017-09-09 10:29:55,078 - Loaded System Directive: org.apache.velocity.runtime.directive.Define
2017-09-09 10:29:55,078 - Loaded System Directive: org.apache.velocity.runtime.directive.Break
2017-09-09 10:29:55,078 - Loaded System Directive: org.apache.velocity.runtime.directive.Break
2017-09-09 10:29:55,078 - Loaded System Directive: org.apache.velocity.runtime.directive.Evaluate
2017-09-09 10:29:55,078 - Loaded System Directive: org.apache.velocity.runtime.directive.Evaluate
2017-09-09 10:29:55,078 - Loaded System Directive: org.apache.velocity.runtime.directive.Literal
2017-09-09 10:29:55,078 - Loaded System Directive: org.apache.velocity.runtime.directive.Literal
2017-09-09 10:29:55,078 - Loaded System Directive: org.apache.velocity.runtime.directive.Macro
2017-09-09 10:29:55,078 - Loaded System Directive: org.apache.velocity.runtime.directive.Macro
2017-09-09 10:29:55,078 - Loaded System Directive: org.apache.velocity.runtime.directive.Parse
2017-09-09 10:29:55,078 - Loaded System Directive: org.apache.velocity.runtime.directive.Parse
2017-09-09 10:29:55,078 - Loaded System Directive: org.apache.velocity.runtime.directive.Include
2017-09-09 10:29:55,078 - Loaded System Directive: org.apache.velocity.runtime.directive.Include
2017-09-09 10:29:55,078 - Loaded System Directive: org.apache.velocity.runtime.directive.Foreach
2017-09-09 10:29:55,078 - Loaded System Directive: org.apache.velocity.runtime.directive.Foreach
2017-09-09 10:29:55,080 - Created '20' parsers.
2017-09-09 10:29:55,080 - Created '20' parsers.
2017-09-09 10:29:55,080 - Velocimacro : "velocimacro.library" is not set.  Trying default library: VM_global_library.vm
2017-09-09 10:29:55,080 - Velocimacro : "velocimacro.library" is not set.  Trying default library: VM_global_library.vm
2017-09-09 10:29:55,080 - Velocimacro : Default library not found.
2017-09-09 10:29:55,080 - Velocimacro : Default library not found.
2017-09-09 10:29:55,080 - Velocimacro : allowInline = true : VMs can be defined inline in templates
2017-09-09 10:29:55,080 - Velocimacro : allowInline = true : VMs can be defined inline in templates
2017-09-09 10:29:55,081 - Velocimacro : allowInlineToOverride = false : VMs defined inline may NOT replace previous VM definitions
2017-09-09 10:29:55,081 - Velocimacro : allowInlineToOverride = false : VMs defined inline may NOT replace previous VM definitions
2017-09-09 10:29:55,081 - Velocimacro : allowInlineLocal = false : VMs defined inline will be global in scope if allowed.
2017-09-09 10:29:55,081 - Velocimacro : allowInlineLocal = false : VMs defined inline will be global in scope if allowed.
2017-09-09 10:29:55,081 - Velocimacro : autoload off : VM system will not automatically reload global library macros
2017-09-09 10:29:55,081 - Velocimacro : autoload off : VM system will not automatically reload global library macros
2017-09-09 10:29:55,092 - ResourceManager : found src/main/resources/template/addonMainClass.vm with loader org.apache.velocity.runtime.resource.loader.FileResourceLoader
2017-09-09 10:29:55,092 - ResourceManager : found src/main/resources/template/addonMainClass.vm with loader org.apache.velocity.runtime.resource.loader.FileResourceLoader
2017-09-09 10:29:55,103 - ResourceManager : found src/main/resources/template/zapAddonDescFile.vm with loader org.apache.velocity.runtime.resource.loader.FileResourceLoader
2017-09-09 10:29:55,103 - ResourceManager : found src/main/resources/template/zapAddonDescFile.vm with loader org.apache.velocity.runtime.resource.loader.FileResourceLoader
2017-09-09 10:29:55,116 - ResourceManager : found src/main/resources/buildToolTemplate/ant/build.vm with loader org.apache.velocity.runtime.resource.loader.FileResourceLoader
2017-09-09 10:29:55,116 - ResourceManager : found src/main/resources/buildToolTemplate/ant/build.vm with loader org.apache.velocity.runtime.resource.loader.FileResourceLoader
2017-09-09 10:29:55,118 - Null reference [template 'src/main/resources/buildToolTemplate/ant/build.vm', line 22, column 41] : ${basedir} cannot be resolved.
2017-09-09 10:29:55,118 - Null reference [template 'src/main/resources/buildToolTemplate/ant/build.vm', line 22, column 41] : ${basedir} cannot be resolved.
2017-09-09 10:29:55,118 - Null reference [template 'src/main/resources/buildToolTemplate/ant/build.vm', line 23, column 42] : ${ivy.jar.dir} cannot be resolved.
2017-09-09 10:29:55,118 - Null reference [template 'src/main/resources/buildToolTemplate/ant/build.vm', line 23, column 42] : ${ivy.jar.dir} cannot be resolved.
2017-09-09 10:29:55,118 - Null reference [template 'src/main/resources/buildToolTemplate/ant/build.vm', line 31, column 21] : ${ivy.jar.dir} cannot be resolved.
2017-09-09 10:29:55,118 - Null reference [template 'src/main/resources/buildToolTemplate/ant/build.vm', line 31, column 21] : ${ivy.jar.dir} cannot be resolved.
2017-09-09 10:29:55,118 - Null reference [template 'src/main/resources/buildToolTemplate/ant/build.vm', line 33, column 69] : ${ivy.install.version} cannot be resolved.
2017-09-09 10:29:55,118 - Null reference [template 'src/main/resources/buildToolTemplate/ant/build.vm', line 33, column 69] : ${ivy.install.version} cannot be resolved.
2017-09-09 10:29:55,118 - Null reference [template 'src/main/resources/buildToolTemplate/ant/build.vm', line 33, column 96] : ${ivy.install.version} cannot be resolved.
2017-09-09 10:29:55,118 - Null reference [template 'src/main/resources/buildToolTemplate/ant/build.vm', line 33, column 96] : ${ivy.install.version} cannot be resolved.
2017-09-09 10:29:55,118 - Null reference [template 'src/main/resources/buildToolTemplate/ant/build.vm', line 34, column 20] : ${ivy.jar.file} cannot be resolved.
2017-09-09 10:29:55,118 - Null reference [template 'src/main/resources/buildToolTemplate/ant/build.vm', line 34, column 20] : ${ivy.jar.file} cannot be resolved.
2017-09-09 10:29:55,118 - Null reference [template 'src/main/resources/buildToolTemplate/ant/build.vm', line 42, column 27] : ${ivy.jar.dir} cannot be resolved.
2017-09-09 10:29:55,118 - Null reference [template 'src/main/resources/buildToolTemplate/ant/build.vm', line 42, column 27] : ${ivy.jar.dir} cannot be resolved.
2017-09-09 10:29:55,119 - Null reference [template 'src/main/resources/buildToolTemplate/ant/build.vm', line 53, column 21] : ${build.dir} cannot be resolved.
2017-09-09 10:29:55,119 - Null reference [template 'src/main/resources/buildToolTemplate/ant/build.vm', line 53, column 21] : ${build.dir} cannot be resolved.
2017-09-09 10:29:55,119 - Null reference [template 'src/main/resources/buildToolTemplate/ant/build.vm', line 54, column 24] : ${src.dir} cannot be resolved.
2017-09-09 10:29:55,119 - Null reference [template 'src/main/resources/buildToolTemplate/ant/build.vm', line 54, column 24] : ${src.dir} cannot be resolved.
2017-09-09 10:29:55,119 - Null reference [template 'src/main/resources/buildToolTemplate/ant/build.vm', line 54, column 45] : ${build.dir} cannot be resolved.
2017-09-09 10:29:55,119 - Null reference [template 'src/main/resources/buildToolTemplate/ant/build.vm', line 54, column 45] : ${build.dir} cannot be resolved.
2017-09-09 10:29:55,119 - Null reference [template 'src/main/resources/buildToolTemplate/ant/build.vm', line 62, column 27] : ${build.dir} cannot be resolved.
2017-09-09 10:29:55,119 - Null reference [template 'src/main/resources/buildToolTemplate/ant/build.vm', line 62, column 27] : ${build.dir} cannot be resolved.
2017-09-09 10:29:55,119 - Null reference [template 'src/main/resources/buildToolTemplate/ant/build.vm', line 70, column 22] : ${ivy.jar.dir} cannot be resolved.
2017-09-09 10:29:55,119 - Null reference [template 'src/main/resources/buildToolTemplate/ant/build.vm', line 70, column 22] : ${ivy.jar.dir} cannot be resolved.
2017-09-09 10:29:55,133 - ResourceManager : found src/main/resources/template/addonPage.vm with loader org.apache.velocity.runtime.resource.loader.FileResourceLoader
2017-09-09 10:29:55,133 - ResourceManager : found src/main/resources/template/addonPage.vm with loader org.apache.velocity.runtime.resource.loader.FileResourceLoader
2017-09-09 10:29:55,143 - ResourceManager : found src/main/resources/template/mapFile.vm with loader org.apache.velocity.runtime.resource.loader.FileResourceLoader
2017-09-09 10:29:55,143 - ResourceManager : found src/main/resources/template/mapFile.vm with loader org.apache.velocity.runtime.resource.loader.FileResourceLoader
2017-09-09 10:29:55,151 - ResourceManager : found src/main/resources/template/helpset.vm with loader org.apache.velocity.runtime.resource.loader.FileResourceLoader
2017-09-09 10:29:55,151 - ResourceManager : found src/main/resources/template/helpset.vm with loader org.apache.velocity.runtime.resource.loader.FileResourceLoader
2017-09-09 10:29:55,160 - ResourceManager : found src/main/resources/template/index.vm with loader org.apache.velocity.runtime.resource.loader.FileResourceLoader
2017-09-09 10:29:55,160 - ResourceManager : found src/main/resources/template/index.vm with loader org.apache.velocity.runtime.resource.loader.FileResourceLoader
2017-09-09 10:29:55,169 - ResourceManager : found src/main/resources/template/toc.vm with loader org.apache.velocity.runtime.resource.loader.FileResourceLoader
2017-09-09 10:29:55,169 - ResourceManager : found src/main/resources/template/toc.vm with loader org.apache.velocity.runtime.resource.loader.FileResourceLoader
